{"/Users/samithakuruvitaarachchi/Documents/personal/trainings/i4T/bloggerAPI/service_posts/postsService.js": {"path":"/Users/samithakuruvitaarachchi/Documents/personal/trainings/i4T/bloggerAPI/service_posts/postsService.js","statementMap":{"0":{"start":{"line":1,"column":15},"end":{"line":1,"column":32}},"1":{"start":{"line":2,"column":16},"end":{"line":2,"column":34}},"2":{"start":{"line":3,"column":12},"end":{"line":3,"column":21}},"3":{"start":{"line":4,"column":17},"end":{"line":4,"column":36}},"4":{"start":{"line":6,"column":0},"end":{"line":6,"column":37}},"5":{"start":{"line":8,"column":0},"end":{"line":8,"column":23}},"6":{"start":{"line":10,"column":0},"end":{"line":10,"column":64}},"7":{"start":{"line":11,"column":11},"end":{"line":11,"column":30}},"8":{"start":{"line":12,"column":0},"end":{"line":12,"column":47}},"9":{"start":{"line":12,"column":26},"end":{"line":12,"column":46}},"10":{"start":{"line":13,"column":0},"end":{"line":13,"column":75}},"11":{"start":{"line":13,"column":22},"end":{"line":13,"column":74}},"12":{"start":{"line":15,"column":19},"end":{"line":15,"column":50}},"13":{"start":{"line":17,"column":0},"end":{"line":17,"column":29}},"14":{"start":{"line":19,"column":0},"end":{"line":19,"column":20}},"15":{"start":{"line":21,"column":0},"end":{"line":21,"column":59}},"16":{"start":{"line":21,"column":23},"end":{"line":21,"column":58}}},"fnMap":{"0":{"name":"(anonymous_0)","decl":{"start":{"line":12,"column":15},"end":{"line":12,"column":16}},"loc":{"start":{"line":12,"column":26},"end":{"line":12,"column":46}},"line":12},"1":{"name":"(anonymous_1)","decl":{"start":{"line":13,"column":16},"end":{"line":13,"column":17}},"loc":{"start":{"line":13,"column":22},"end":{"line":13,"column":74}},"line":13},"2":{"name":"(anonymous_2)","decl":{"start":{"line":21,"column":17},"end":{"line":21,"column":18}},"loc":{"start":{"line":21,"column":23},"end":{"line":21,"column":58}},"line":21}},"branchMap":{},"s":{"0":1,"1":1,"2":1,"3":1,"4":1,"5":1,"6":1,"7":1,"8":1,"9":0,"10":1,"11":1,"12":1,"13":1,"14":1,"15":1,"16":1},"f":{"0":0,"1":1,"2":1},"b":{},"_coverageSchema":"1a1c01bbd47fc00a2c39e90264f33305004495a9","hash":"03be2b5544368f59e422b6b470207adea2ff2aee"}
,"/Users/samithakuruvitaarachchi/Documents/personal/trainings/i4T/bloggerAPI/service_posts/models/postsModel.js": {"path":"/Users/samithakuruvitaarachchi/Documents/personal/trainings/i4T/bloggerAPI/service_posts/models/postsModel.js","statementMap":{"0":{"start":{"line":1,"column":17},"end":{"line":1,"column":36}},"1":{"start":{"line":3,"column":20},"end":{"line":20,"column":2}},"2":{"start":{"line":22,"column":0},"end":{"line":22,"column":53}}},"fnMap":{},"branchMap":{},"s":{"0":1,"1":1,"2":1},"f":{},"b":{},"_coverageSchema":"1a1c01bbd47fc00a2c39e90264f33305004495a9","hash":"0493168bad341c21582862986c6c18efa6c79d34"}
,"/Users/samithakuruvitaarachchi/Documents/personal/trainings/i4T/bloggerAPI/service_posts/postServices/posts.js": {"path":"/Users/samithakuruvitaarachchi/Documents/personal/trainings/i4T/bloggerAPI/service_posts/postServices/posts.js","statementMap":{"0":{"start":{"line":1,"column":16},"end":{"line":1,"column":34}},"1":{"start":{"line":2,"column":15},"end":{"line":2,"column":31}},"2":{"start":{"line":3,"column":12},"end":{"line":3,"column":35}},"3":{"start":{"line":4,"column":15},"end":{"line":4,"column":32}},"4":{"start":{"line":6,"column":14},"end":{"line":6,"column":48}},"5":{"start":{"line":7,"column":0},"end":{"line":7,"column":37}},"6":{"start":{"line":10,"column":0},"end":{"line":36,"column":2}},"7":{"start":{"line":12,"column":4},"end":{"line":12,"column":38}},"8":{"start":{"line":14,"column":4},"end":{"line":34,"column":5}},"9":{"start":{"line":16,"column":21},"end":{"line":21,"column":10}},"10":{"start":{"line":23,"column":8},"end":{"line":29,"column":10}},"11":{"start":{"line":25,"column":12},"end":{"line":25,"column":38}},"12":{"start":{"line":28,"column":12},"end":{"line":28,"column":60}},"13":{"start":{"line":33,"column":8},"end":{"line":33,"column":56}},"14":{"start":{"line":39,"column":0},"end":{"line":49,"column":2}},"15":{"start":{"line":41,"column":4},"end":{"line":48,"column":5}},"16":{"start":{"line":42,"column":22},"end":{"line":42,"column":40}},"17":{"start":{"line":43,"column":8},"end":{"line":43,"column":26}},"18":{"start":{"line":44,"column":8},"end":{"line":44,"column":43}},"19":{"start":{"line":47,"column":8},"end":{"line":47,"column":56}},"20":{"start":{"line":51,"column":0},"end":{"line":60,"column":2}},"21":{"start":{"line":53,"column":4},"end":{"line":59,"column":5}},"22":{"start":{"line":54,"column":25},"end":{"line":54,"column":70}},"23":{"start":{"line":55,"column":8},"end":{"line":55,"column":34}},"24":{"start":{"line":56,"column":8},"end":{"line":56,"column":46}},"25":{"start":{"line":58,"column":8},"end":{"line":58,"column":56}},"26":{"start":{"line":62,"column":0},"end":{"line":71,"column":2}},"27":{"start":{"line":64,"column":4},"end":{"line":69,"column":5}},"28":{"start":{"line":65,"column":8},"end":{"line":65,"column":51}},"29":{"start":{"line":66,"column":8},"end":{"line":66,"column":57}},"30":{"start":{"line":68,"column":8},"end":{"line":68,"column":54}},"31":{"start":{"line":73,"column":0},"end":{"line":89,"column":2}},"32":{"start":{"line":74,"column":4},"end":{"line":76,"column":5}},"33":{"start":{"line":75,"column":8},"end":{"line":75,"column":40}},"34":{"start":{"line":78,"column":4},"end":{"line":80,"column":5}},"35":{"start":{"line":79,"column":8},"end":{"line":79,"column":44}},"36":{"start":{"line":82,"column":4},"end":{"line":87,"column":5}},"37":{"start":{"line":83,"column":27},"end":{"line":83,"column":49}},"38":{"start":{"line":84,"column":8},"end":{"line":84,"column":40}},"39":{"start":{"line":86,"column":8},"end":{"line":86,"column":54}},"40":{"start":{"line":93,"column":4},"end":{"line":100,"column":5}},"41":{"start":{"line":94,"column":8},"end":{"line":94,"column":56}},"42":{"start":{"line":95,"column":8},"end":{"line":97,"column":9}},"43":{"start":{"line":96,"column":12},"end":{"line":96,"column":72}},"44":{"start":{"line":99,"column":8},"end":{"line":99,"column":61}},"45":{"start":{"line":102,"column":4},"end":{"line":102,"column":26}},"46":{"start":{"line":103,"column":4},"end":{"line":103,"column":10}},"47":{"start":{"line":107,"column":23},"end":{"line":107,"column":51}},"48":{"start":{"line":108,"column":18},"end":{"line":108,"column":56}},"49":{"start":{"line":110,"column":4},"end":{"line":112,"column":5}},"50":{"start":{"line":111,"column":8},"end":{"line":111,"column":56}},"51":{"start":{"line":114,"column":4},"end":{"line":120,"column":6}},"52":{"start":{"line":115,"column":8},"end":{"line":117,"column":9}},"53":{"start":{"line":116,"column":12},"end":{"line":116,"column":59}},"54":{"start":{"line":118,"column":8},"end":{"line":118,"column":23}},"55":{"start":{"line":119,"column":8},"end":{"line":119,"column":14}},"56":{"start":{"line":125,"column":0},"end":{"line":125,"column":23}}},"fnMap":{"0":{"name":"(anonymous_0)","decl":{"start":{"line":10,"column":43},"end":{"line":10,"column":44}},"loc":{"start":{"line":10,"column":63},"end":{"line":36,"column":1}},"line":10},"1":{"name":"(anonymous_1)","decl":{"start":{"line":24,"column":14},"end":{"line":24,"column":15}},"loc":{"start":{"line":24,"column":18},"end":{"line":26,"column":9}},"line":24},"2":{"name":"(anonymous_2)","decl":{"start":{"line":27,"column":15},"end":{"line":27,"column":16}},"loc":{"start":{"line":27,"column":26},"end":{"line":29,"column":9}},"line":27},"3":{"name":"(anonymous_3)","decl":{"start":{"line":39,"column":39},"end":{"line":39,"column":40}},"loc":{"start":{"line":39,"column":59},"end":{"line":49,"column":1}},"line":39},"4":{"name":"(anonymous_4)","decl":{"start":{"line":51,"column":40},"end":{"line":51,"column":41}},"loc":{"start":{"line":51,"column":60},"end":{"line":60,"column":1}},"line":51},"5":{"name":"(anonymous_5)","decl":{"start":{"line":62,"column":38},"end":{"line":62,"column":39}},"loc":{"start":{"line":62,"column":58},"end":{"line":71,"column":1}},"line":62},"6":{"name":"(anonymous_6)","decl":{"start":{"line":73,"column":38},"end":{"line":73,"column":39}},"loc":{"start":{"line":73,"column":58},"end":{"line":89,"column":1}},"line":73},"7":{"name":"getposts","decl":{"start":{"line":91,"column":15},"end":{"line":91,"column":23}},"loc":{"start":{"line":91,"column":40},"end":{"line":104,"column":1}},"line":91},"8":{"name":"authenticationToken","decl":{"start":{"line":106,"column":9},"end":{"line":106,"column":28}},"loc":{"start":{"line":106,"column":45},"end":{"line":121,"column":1}},"line":106},"9":{"name":"(anonymous_9)","decl":{"start":{"line":114,"column":40},"end":{"line":114,"column":41}},"loc":{"start":{"line":114,"column":55},"end":{"line":120,"column":5}},"line":114}},"branchMap":{"0":{"loc":{"start":{"line":74,"column":4},"end":{"line":76,"column":5}},"type":"if","locations":[{"start":{"line":74,"column":4},"end":{"line":76,"column":5}},{"start":{},"end":{}}],"line":74},"1":{"loc":{"start":{"line":78,"column":4},"end":{"line":80,"column":5}},"type":"if","locations":[{"start":{"line":78,"column":4},"end":{"line":80,"column":5}},{"start":{},"end":{}}],"line":78},"2":{"loc":{"start":{"line":95,"column":8},"end":{"line":97,"column":9}},"type":"if","locations":[{"start":{"line":95,"column":8},"end":{"line":97,"column":9}},{"start":{},"end":{}}],"line":95},"3":{"loc":{"start":{"line":108,"column":18},"end":{"line":108,"column":56}},"type":"binary-expr","locations":[{"start":{"line":108,"column":18},"end":{"line":108,"column":28}},{"start":{"line":108,"column":32},"end":{"line":108,"column":56}}],"line":108},"4":{"loc":{"start":{"line":110,"column":4},"end":{"line":112,"column":5}},"type":"if","locations":[{"start":{"line":110,"column":4},"end":{"line":112,"column":5}},{"start":{},"end":{}}],"line":110},"5":{"loc":{"start":{"line":115,"column":8},"end":{"line":117,"column":9}},"type":"if","locations":[{"start":{"line":115,"column":8},"end":{"line":117,"column":9}},{"start":{},"end":{}}],"line":115}},"s":{"0":1,"1":1,"2":1,"3":1,"4":1,"5":1,"6":1,"7":3,"8":3,"9":3,"10":3,"11":1,"12":2,"13":0,"14":1,"15":1,"16":1,"17":1,"18":1,"19":0,"20":1,"21":1,"22":1,"23":1,"24":1,"25":0,"26":1,"27":1,"28":1,"29":1,"30":0,"31":1,"32":1,"33":1,"34":1,"35":1,"36":1,"37":1,"38":1,"39":0,"40":2,"41":2,"42":2,"43":0,"44":0,"45":2,"46":2,"47":5,"48":5,"49":5,"50":0,"51":5,"52":5,"53":0,"54":5,"55":5,"56":1},"f":{"0":3,"1":1,"2":2,"3":1,"4":1,"5":1,"6":1,"7":2,"8":5,"9":5},"b":{"0":[1,0],"1":[1,0],"2":[0,2],"3":[5,5],"4":[0,5],"5":[0,5]},"_coverageSchema":"1a1c01bbd47fc00a2c39e90264f33305004495a9","hash":"1c10f2fdf21b11167a3effa36a85f2973bab9284"}
}
