TN:
SF:postsService.js
FN:12,(anonymous_0)
FN:13,(anonymous_1)
FN:21,(anonymous_2)
FNF:3
FNH:2
FNDA:0,(anonymous_0)
FNDA:1,(anonymous_1)
FNDA:1,(anonymous_2)
DA:1,1
DA:2,1
DA:3,1
DA:4,1
DA:6,1
DA:8,1
DA:10,1
DA:11,1
DA:12,1
DA:13,1
DA:15,1
DA:17,1
DA:19,1
DA:21,1
LF:14
LH:14
BRF:0
BRH:0
end_of_record
TN:
SF:models/postsModel.js
FNF:0
FNH:0
DA:1,1
DA:3,1
DA:22,1
LF:3
LH:3
BRF:0
BRH:0
end_of_record
TN:
SF:postServices/posts.js
FN:10,(anonymous_0)
FN:24,(anonymous_1)
FN:27,(anonymous_2)
FN:39,(anonymous_3)
FN:51,(anonymous_4)
FN:62,(anonymous_5)
FN:73,(anonymous_6)
FN:91,getposts
FN:106,authenticationToken
FN:114,(anonymous_9)
FNF:10
FNH:10
FNDA:3,(anonymous_0)
FNDA:1,(anonymous_1)
FNDA:2,(anonymous_2)
FNDA:1,(anonymous_3)
FNDA:1,(anonymous_4)
FNDA:1,(anonymous_5)
FNDA:1,(anonymous_6)
FNDA:2,getposts
FNDA:5,authenticationToken
FNDA:5,(anonymous_9)
DA:1,1
DA:2,1
DA:3,1
DA:4,1
DA:6,1
DA:7,1
DA:10,1
DA:12,3
DA:14,3
DA:16,3
DA:23,3
DA:25,1
DA:28,2
DA:33,0
DA:39,1
DA:41,1
DA:42,1
DA:43,1
DA:44,1
DA:47,0
DA:51,1
DA:53,1
DA:54,1
DA:55,1
DA:56,1
DA:58,0
DA:62,1
DA:64,1
DA:65,1
DA:66,1
DA:68,0
DA:73,1
DA:74,1
DA:75,1
DA:78,1
DA:79,1
DA:82,1
DA:83,1
DA:84,1
DA:86,0
DA:93,2
DA:94,2
DA:95,2
DA:96,0
DA:99,0
DA:102,2
DA:103,2
DA:107,5
DA:108,5
DA:110,5
DA:111,0
DA:114,5
DA:115,5
DA:116,0
DA:118,5
DA:119,5
DA:125,1
LF:57
LH:48
BRDA:74,0,0,1
BRDA:74,0,1,0
BRDA:78,1,0,1
BRDA:78,1,1,0
BRDA:95,2,0,0
BRDA:95,2,1,2
BRDA:108,3,0,5
BRDA:108,3,1,5
BRDA:110,4,0,0
BRDA:110,4,1,5
BRDA:115,5,0,0
BRDA:115,5,1,5
BRF:12
BRH:7
end_of_record
