{"/Users/samithakuruvitaarachchi/Documents/personal/trainings/i4T/bloggerAPI/service_comments/commentService.js": {"path":"/Users/samithakuruvitaarachchi/Documents/personal/trainings/i4T/bloggerAPI/service_comments/commentService.js","statementMap":{"0":{"start":{"line":1,"column":15},"end":{"line":1,"column":32}},"1":{"start":{"line":2,"column":16},"end":{"line":2,"column":34}},"2":{"start":{"line":3,"column":12},"end":{"line":3,"column":21}},"3":{"start":{"line":4,"column":17},"end":{"line":4,"column":36}},"4":{"start":{"line":6,"column":0},"end":{"line":6,"column":37}},"5":{"start":{"line":8,"column":0},"end":{"line":8,"column":23}},"6":{"start":{"line":10,"column":0},"end":{"line":10,"column":64}},"7":{"start":{"line":11,"column":11},"end":{"line":11,"column":30}},"8":{"start":{"line":12,"column":0},"end":{"line":12,"column":47}},"9":{"start":{"line":12,"column":26},"end":{"line":12,"column":46}},"10":{"start":{"line":13,"column":0},"end":{"line":13,"column":78}},"11":{"start":{"line":13,"column":22},"end":{"line":13,"column":77}},"12":{"start":{"line":15,"column":22},"end":{"line":15,"column":58}},"13":{"start":{"line":17,"column":0},"end":{"line":17,"column":35}},"14":{"start":{"line":19,"column":0},"end":{"line":19,"column":20}},"15":{"start":{"line":21,"column":0},"end":{"line":21,"column":61}},"16":{"start":{"line":21,"column":23},"end":{"line":21,"column":60}}},"fnMap":{"0":{"name":"(anonymous_0)","decl":{"start":{"line":12,"column":15},"end":{"line":12,"column":16}},"loc":{"start":{"line":12,"column":26},"end":{"line":12,"column":46}},"line":12},"1":{"name":"(anonymous_1)","decl":{"start":{"line":13,"column":16},"end":{"line":13,"column":17}},"loc":{"start":{"line":13,"column":22},"end":{"line":13,"column":77}},"line":13},"2":{"name":"(anonymous_2)","decl":{"start":{"line":21,"column":17},"end":{"line":21,"column":18}},"loc":{"start":{"line":21,"column":23},"end":{"line":21,"column":60}},"line":21}},"branchMap":{},"s":{"0":1,"1":1,"2":1,"3":1,"4":1,"5":1,"6":1,"7":1,"8":1,"9":0,"10":1,"11":1,"12":1,"13":1,"14":1,"15":1,"16":1},"f":{"0":0,"1":1,"2":1},"b":{},"_coverageSchema":"1a1c01bbd47fc00a2c39e90264f33305004495a9","hash":"6a10dbba3f2f755394cd49ee1c821129a3e912c0"}
,"/Users/samithakuruvitaarachchi/Documents/personal/trainings/i4T/bloggerAPI/service_comments/comentsService/comments.js": {"path":"/Users/samithakuruvitaarachchi/Documents/personal/trainings/i4T/bloggerAPI/service_comments/comentsService/comments.js","statementMap":{"0":{"start":{"line":1,"column":16},"end":{"line":1,"column":34}},"1":{"start":{"line":2,"column":15},"end":{"line":2,"column":31}},"2":{"start":{"line":3,"column":12},"end":{"line":3,"column":35}},"3":{"start":{"line":4,"column":15},"end":{"line":4,"column":32}},"4":{"start":{"line":6,"column":17},"end":{"line":6,"column":50}},"5":{"start":{"line":7,"column":0},"end":{"line":7,"column":37}},"6":{"start":{"line":9,"column":0},"end":{"line":31,"column":2}},"7":{"start":{"line":11,"column":4},"end":{"line":29,"column":5}},"8":{"start":{"line":12,"column":24},"end":{"line":17,"column":10}},"9":{"start":{"line":19,"column":8},"end":{"line":25,"column":10}},"10":{"start":{"line":21,"column":12},"end":{"line":21,"column":41}},"11":{"start":{"line":24,"column":12},"end":{"line":24,"column":60}},"12":{"start":{"line":28,"column":8},"end":{"line":28,"column":56}},"13":{"start":{"line":34,"column":0},"end":{"line":43,"column":2}},"14":{"start":{"line":36,"column":4},"end":{"line":42,"column":5}},"15":{"start":{"line":37,"column":28},"end":{"line":37,"column":74}},"16":{"start":{"line":38,"column":8},"end":{"line":38,"column":34}},"17":{"start":{"line":39,"column":8},"end":{"line":39,"column":49}},"18":{"start":{"line":41,"column":8},"end":{"line":41,"column":56}},"19":{"start":{"line":45,"column":0},"end":{"line":54,"column":2}},"20":{"start":{"line":47,"column":4},"end":{"line":52,"column":5}},"21":{"start":{"line":48,"column":8},"end":{"line":48,"column":54}},"22":{"start":{"line":49,"column":8},"end":{"line":49,"column":60}},"23":{"start":{"line":51,"column":8},"end":{"line":51,"column":54}},"24":{"start":{"line":56,"column":0},"end":{"line":68,"column":2}},"25":{"start":{"line":57,"column":4},"end":{"line":59,"column":5}},"26":{"start":{"line":58,"column":8},"end":{"line":58,"column":46}},"27":{"start":{"line":61,"column":4},"end":{"line":66,"column":5}},"28":{"start":{"line":62,"column":30},"end":{"line":62,"column":54}},"29":{"start":{"line":63,"column":8},"end":{"line":63,"column":43}},"30":{"start":{"line":65,"column":8},"end":{"line":65,"column":54}},"31":{"start":{"line":72,"column":4},"end":{"line":79,"column":5}},"32":{"start":{"line":73,"column":8},"end":{"line":73,"column":59}},"33":{"start":{"line":74,"column":8},"end":{"line":76,"column":9}},"34":{"start":{"line":75,"column":12},"end":{"line":75,"column":75}},"35":{"start":{"line":78,"column":8},"end":{"line":78,"column":61}},"36":{"start":{"line":81,"column":4},"end":{"line":81,"column":28}},"37":{"start":{"line":82,"column":4},"end":{"line":82,"column":10}},"38":{"start":{"line":86,"column":23},"end":{"line":86,"column":51}},"39":{"start":{"line":87,"column":18},"end":{"line":87,"column":56}},"40":{"start":{"line":89,"column":4},"end":{"line":91,"column":5}},"41":{"start":{"line":90,"column":8},"end":{"line":90,"column":56}},"42":{"start":{"line":93,"column":4},"end":{"line":100,"column":6}},"43":{"start":{"line":94,"column":8},"end":{"line":96,"column":9}},"44":{"start":{"line":95,"column":12},"end":{"line":95,"column":59}},"45":{"start":{"line":97,"column":8},"end":{"line":97,"column":25}},"46":{"start":{"line":98,"column":8},"end":{"line":98,"column":23}},"47":{"start":{"line":99,"column":8},"end":{"line":99,"column":14}},"48":{"start":{"line":104,"column":0},"end":{"line":104,"column":23}}},"fnMap":{"0":{"name":"(anonymous_0)","decl":{"start":{"line":9,"column":56},"end":{"line":9,"column":57}},"loc":{"start":{"line":9,"column":75},"end":{"line":31,"column":1}},"line":9},"1":{"name":"(anonymous_1)","decl":{"start":{"line":20,"column":14},"end":{"line":20,"column":15}},"loc":{"start":{"line":20,"column":20},"end":{"line":22,"column":9}},"line":20},"2":{"name":"(anonymous_2)","decl":{"start":{"line":23,"column":15},"end":{"line":23,"column":16}},"loc":{"start":{"line":23,"column":26},"end":{"line":25,"column":9}},"line":23},"3":{"name":"(anonymous_3)","decl":{"start":{"line":34,"column":44},"end":{"line":34,"column":45}},"loc":{"start":{"line":34,"column":64},"end":{"line":43,"column":1}},"line":34},"4":{"name":"(anonymous_4)","decl":{"start":{"line":45,"column":40},"end":{"line":45,"column":41}},"loc":{"start":{"line":45,"column":60},"end":{"line":54,"column":1}},"line":45},"5":{"name":"(anonymous_5)","decl":{"start":{"line":56,"column":40},"end":{"line":56,"column":41}},"loc":{"start":{"line":56,"column":60},"end":{"line":68,"column":1}},"line":56},"6":{"name":"getComment","decl":{"start":{"line":70,"column":15},"end":{"line":70,"column":25}},"loc":{"start":{"line":70,"column":42},"end":{"line":83,"column":1}},"line":70},"7":{"name":"authenticationToken","decl":{"start":{"line":85,"column":9},"end":{"line":85,"column":28}},"loc":{"start":{"line":85,"column":45},"end":{"line":101,"column":1}},"line":85},"8":{"name":"(anonymous_8)","decl":{"start":{"line":93,"column":40},"end":{"line":93,"column":41}},"loc":{"start":{"line":93,"column":55},"end":{"line":100,"column":5}},"line":93}},"branchMap":{"0":{"loc":{"start":{"line":57,"column":4},"end":{"line":59,"column":5}},"type":"if","locations":[{"start":{"line":57,"column":4},"end":{"line":59,"column":5}},{"start":{},"end":{}}],"line":57},"1":{"loc":{"start":{"line":74,"column":8},"end":{"line":76,"column":9}},"type":"if","locations":[{"start":{"line":74,"column":8},"end":{"line":76,"column":9}},{"start":{},"end":{}}],"line":74},"2":{"loc":{"start":{"line":87,"column":18},"end":{"line":87,"column":56}},"type":"binary-expr","locations":[{"start":{"line":87,"column":18},"end":{"line":87,"column":28}},{"start":{"line":87,"column":32},"end":{"line":87,"column":56}}],"line":87},"3":{"loc":{"start":{"line":89,"column":4},"end":{"line":91,"column":5}},"type":"if","locations":[{"start":{"line":89,"column":4},"end":{"line":91,"column":5}},{"start":{},"end":{}}],"line":89},"4":{"loc":{"start":{"line":94,"column":8},"end":{"line":96,"column":9}},"type":"if","locations":[{"start":{"line":94,"column":8},"end":{"line":96,"column":9}},{"start":{},"end":{}}],"line":94}},"s":{"0":1,"1":1,"2":1,"3":1,"4":1,"5":1,"6":1,"7":1,"8":1,"9":1,"10":1,"11":0,"12":0,"13":1,"14":1,"15":1,"16":1,"17":1,"18":0,"19":1,"20":1,"21":1,"22":1,"23":0,"24":1,"25":1,"26":1,"27":1,"28":1,"29":1,"30":0,"31":2,"32":2,"33":2,"34":0,"35":0,"36":2,"37":2,"38":2,"39":2,"40":2,"41":0,"42":2,"43":2,"44":0,"45":2,"46":2,"47":2,"48":1},"f":{"0":1,"1":1,"2":0,"3":1,"4":1,"5":1,"6":2,"7":2,"8":2},"b":{"0":[1,0],"1":[0,2],"2":[2,2],"3":[0,2],"4":[0,2]},"_coverageSchema":"1a1c01bbd47fc00a2c39e90264f33305004495a9","hash":"ddc4ea47d0e1f4fc8d1cd0619b01df37e5939ebb"}
,"/Users/samithakuruvitaarachchi/Documents/personal/trainings/i4T/bloggerAPI/service_comments/models/commentModel.js": {"path":"/Users/samithakuruvitaarachchi/Documents/personal/trainings/i4T/bloggerAPI/service_comments/models/commentModel.js","statementMap":{"0":{"start":{"line":1,"column":17},"end":{"line":1,"column":36}},"1":{"start":{"line":3,"column":22},"end":{"line":20,"column":2}},"2":{"start":{"line":22,"column":0},"end":{"line":22,"column":58}}},"fnMap":{},"branchMap":{},"s":{"0":1,"1":1,"2":1},"f":{},"b":{},"_coverageSchema":"1a1c01bbd47fc00a2c39e90264f33305004495a9","hash":"56ee520ebfba636a145340c80808be1a41f61f34"}
}
