TN:
SF:commentService.js
FN:12,(anonymous_0)
FN:13,(anonymous_1)
FN:21,(anonymous_2)
FNF:3
FNH:2
FNDA:0,(anonymous_0)
FNDA:1,(anonymous_1)
FNDA:1,(anonymous_2)
DA:1,1
DA:2,1
DA:3,1
DA:4,1
DA:6,1
DA:8,1
DA:10,1
DA:11,1
DA:12,1
DA:13,1
DA:15,1
DA:17,1
DA:19,1
DA:21,1
LF:14
LH:14
BRF:0
BRH:0
end_of_record
TN:
SF:comentsService/comments.js
FN:9,(anonymous_0)
FN:20,(anonymous_1)
FN:23,(anonymous_2)
FN:34,(anonymous_3)
FN:45,(anonymous_4)
FN:56,(anonymous_5)
FN:70,getComment
FN:85,authenticationToken
FN:93,(anonymous_8)
FNF:9
FNH:8
FNDA:1,(anonymous_0)
FNDA:1,(anonymous_1)
FNDA:0,(anonymous_2)
FNDA:1,(anonymous_3)
FNDA:1,(anonymous_4)
FNDA:1,(anonymous_5)
FNDA:2,getComment
FNDA:2,authenticationToken
FNDA:2,(anonymous_8)
DA:1,1
DA:2,1
DA:3,1
DA:4,1
DA:6,1
DA:7,1
DA:9,1
DA:11,1
DA:12,1
DA:19,1
DA:21,1
DA:24,0
DA:28,0
DA:34,1
DA:36,1
DA:37,1
DA:38,1
DA:39,1
DA:41,0
DA:45,1
DA:47,1
DA:48,1
DA:49,1
DA:51,0
DA:56,1
DA:57,1
DA:58,1
DA:61,1
DA:62,1
DA:63,1
DA:65,0
DA:72,2
DA:73,2
DA:74,2
DA:75,0
DA:78,0
DA:81,2
DA:82,2
DA:86,2
DA:87,2
DA:89,2
DA:90,0
DA:93,2
DA:94,2
DA:95,0
DA:97,2
DA:98,2
DA:99,2
DA:104,1
LF:49
LH:40
BRDA:57,0,0,1
BRDA:57,0,1,0
BRDA:74,1,0,0
BRDA:74,1,1,2
BRDA:87,2,0,2
BRDA:87,2,1,2
BRDA:89,3,0,0
BRDA:89,3,1,2
BRDA:94,4,0,0
BRDA:94,4,1,2
BRF:10
BRH:6
end_of_record
TN:
SF:models/commentModel.js
FNF:0
FNH:0
DA:1,1
DA:3,1
DA:22,1
LF:3
LH:3
BRF:0
BRH:0
end_of_record
