{"/Users/samithakuruvitaarachchi/Documents/personal/trainings/i4T/bloggerAPI/service_auth/blogservice.js": {"path":"/Users/samithakuruvitaarachchi/Documents/personal/trainings/i4T/bloggerAPI/service_auth/blogservice.js","statementMap":{"0":{"start":{"line":1,"column":15},"end":{"line":1,"column":32}},"1":{"start":{"line":2,"column":16},"end":{"line":2,"column":34}},"2":{"start":{"line":3,"column":12},"end":{"line":3,"column":21}},"3":{"start":{"line":4,"column":17},"end":{"line":4,"column":36}},"4":{"start":{"line":6,"column":0},"end":{"line":6,"column":37}},"5":{"start":{"line":8,"column":0},"end":{"line":8,"column":23}},"6":{"start":{"line":10,"column":0},"end":{"line":10,"column":64}},"7":{"start":{"line":11,"column":11},"end":{"line":11,"column":30}},"8":{"start":{"line":12,"column":0},"end":{"line":12,"column":47}},"9":{"start":{"line":12,"column":26},"end":{"line":12,"column":46}},"10":{"start":{"line":13,"column":0},"end":{"line":13,"column":59}},"11":{"start":{"line":13,"column":22},"end":{"line":13,"column":58}},"12":{"start":{"line":15,"column":19},"end":{"line":15,"column":49}},"13":{"start":{"line":16,"column":19},"end":{"line":16,"column":50}},"14":{"start":{"line":17,"column":22},"end":{"line":17,"column":59}},"15":{"start":{"line":19,"column":0},"end":{"line":19,"column":29}},"16":{"start":{"line":20,"column":0},"end":{"line":20,"column":29}},"17":{"start":{"line":21,"column":0},"end":{"line":21,"column":35}},"18":{"start":{"line":23,"column":0},"end":{"line":23,"column":20}},"19":{"start":{"line":25,"column":0},"end":{"line":25,"column":53}},"20":{"start":{"line":25,"column":23},"end":{"line":25,"column":52}}},"fnMap":{"0":{"name":"(anonymous_0)","decl":{"start":{"line":12,"column":15},"end":{"line":12,"column":16}},"loc":{"start":{"line":12,"column":26},"end":{"line":12,"column":46}},"line":12},"1":{"name":"(anonymous_1)","decl":{"start":{"line":13,"column":16},"end":{"line":13,"column":17}},"loc":{"start":{"line":13,"column":22},"end":{"line":13,"column":58}},"line":13},"2":{"name":"(anonymous_2)","decl":{"start":{"line":25,"column":17},"end":{"line":25,"column":18}},"loc":{"start":{"line":25,"column":23},"end":{"line":25,"column":52}},"line":25}},"branchMap":{},"s":{"0":1,"1":1,"2":1,"3":1,"4":1,"5":1,"6":1,"7":1,"8":1,"9":0,"10":1,"11":1,"12":1,"13":1,"14":1,"15":1,"16":1,"17":1,"18":1,"19":1,"20":1},"f":{"0":0,"1":1,"2":1},"b":{},"_coverageSchema":"1a1c01bbd47fc00a2c39e90264f33305004495a9","hash":"1021dce3581cc6c2989284f0f04ce4c39e60d3a5"}
,"/Users/samithakuruvitaarachchi/Documents/personal/trainings/i4T/bloggerAPI/service_auth/commentsService/comments.js": {"path":"/Users/samithakuruvitaarachchi/Documents/personal/trainings/i4T/bloggerAPI/service_auth/commentsService/comments.js","statementMap":{"0":{"start":{"line":1,"column":16},"end":{"line":1,"column":34}},"1":{"start":{"line":2,"column":15},"end":{"line":2,"column":31}},"2":{"start":{"line":3,"column":12},"end":{"line":3,"column":35}},"3":{"start":{"line":4,"column":15},"end":{"line":4,"column":32}},"4":{"start":{"line":5,"column":18},"end":{"line":5,"column":60}},"5":{"start":{"line":7,"column":0},"end":{"line":7,"column":37}},"6":{"start":{"line":9,"column":0},"end":{"line":14,"column":2}},"7":{"start":{"line":13,"column":4},"end":{"line":13,"column":58}},"8":{"start":{"line":17,"column":23},"end":{"line":17,"column":51}},"9":{"start":{"line":18,"column":18},"end":{"line":18,"column":56}},"10":{"start":{"line":20,"column":4},"end":{"line":22,"column":5}},"11":{"start":{"line":21,"column":8},"end":{"line":21,"column":56}},"12":{"start":{"line":24,"column":4},"end":{"line":30,"column":6}},"13":{"start":{"line":25,"column":8},"end":{"line":27,"column":9}},"14":{"start":{"line":26,"column":12},"end":{"line":26,"column":59}},"15":{"start":{"line":28,"column":8},"end":{"line":28,"column":23}},"16":{"start":{"line":29,"column":8},"end":{"line":29,"column":14}},"17":{"start":{"line":33,"column":0},"end":{"line":33,"column":23}}},"fnMap":{"0":{"name":"(anonymous_0)","decl":{"start":{"line":9,"column":43},"end":{"line":9,"column":44}},"loc":{"start":{"line":9,"column":62},"end":{"line":14,"column":1}},"line":9},"1":{"name":"authenticationToken","decl":{"start":{"line":16,"column":9},"end":{"line":16,"column":28}},"loc":{"start":{"line":16,"column":45},"end":{"line":31,"column":1}},"line":16},"2":{"name":"(anonymous_2)","decl":{"start":{"line":24,"column":40},"end":{"line":24,"column":41}},"loc":{"start":{"line":24,"column":55},"end":{"line":30,"column":5}},"line":24}},"branchMap":{"0":{"loc":{"start":{"line":18,"column":18},"end":{"line":18,"column":56}},"type":"binary-expr","locations":[{"start":{"line":18,"column":18},"end":{"line":18,"column":28}},{"start":{"line":18,"column":32},"end":{"line":18,"column":56}}],"line":18},"1":{"loc":{"start":{"line":20,"column":4},"end":{"line":22,"column":5}},"type":"if","locations":[{"start":{"line":20,"column":4},"end":{"line":22,"column":5}},{"start":{},"end":{}}],"line":20},"2":{"loc":{"start":{"line":25,"column":8},"end":{"line":27,"column":9}},"type":"if","locations":[{"start":{"line":25,"column":8},"end":{"line":27,"column":9}},{"start":{},"end":{}}],"line":25}},"s":{"0":1,"1":1,"2":1,"3":1,"4":1,"5":1,"6":1,"7":0,"8":0,"9":0,"10":0,"11":0,"12":0,"13":0,"14":0,"15":0,"16":0,"17":1},"f":{"0":0,"1":0,"2":0},"b":{"0":[0,0],"1":[0,0],"2":[0,0]},"_coverageSchema":"1a1c01bbd47fc00a2c39e90264f33305004495a9","hash":"23c308a139d1a43cf5501bf6a70d922f1a8441fa"}
,"/Users/samithakuruvitaarachchi/Documents/personal/trainings/i4T/bloggerAPI/service_auth/postsService/posts.js": {"path":"/Users/samithakuruvitaarachchi/Documents/personal/trainings/i4T/bloggerAPI/service_auth/postsService/posts.js","statementMap":{"0":{"start":{"line":1,"column":16},"end":{"line":1,"column":34}},"1":{"start":{"line":2,"column":15},"end":{"line":2,"column":31}},"2":{"start":{"line":3,"column":12},"end":{"line":3,"column":35}},"3":{"start":{"line":4,"column":15},"end":{"line":4,"column":32}},"4":{"start":{"line":5,"column":18},"end":{"line":5,"column":60}},"5":{"start":{"line":6,"column":14},"end":{"line":6,"column":30}},"6":{"start":{"line":8,"column":0},"end":{"line":8,"column":37}},"7":{"start":{"line":10,"column":0},"end":{"line":20,"column":2}},"8":{"start":{"line":12,"column":4},"end":{"line":18,"column":5}},"9":{"start":{"line":13,"column":21},"end":{"line":13,"column":77}},"10":{"start":{"line":14,"column":8},"end":{"line":14,"column":39}},"11":{"start":{"line":17,"column":8},"end":{"line":17,"column":56}},"12":{"start":{"line":19,"column":4},"end":{"line":19,"column":53}},"13":{"start":{"line":23,"column":23},"end":{"line":23,"column":51}},"14":{"start":{"line":24,"column":18},"end":{"line":24,"column":56}},"15":{"start":{"line":26,"column":4},"end":{"line":28,"column":5}},"16":{"start":{"line":27,"column":8},"end":{"line":27,"column":56}},"17":{"start":{"line":30,"column":4},"end":{"line":36,"column":6}},"18":{"start":{"line":31,"column":8},"end":{"line":33,"column":9}},"19":{"start":{"line":32,"column":12},"end":{"line":32,"column":59}},"20":{"start":{"line":34,"column":8},"end":{"line":34,"column":23}},"21":{"start":{"line":35,"column":8},"end":{"line":35,"column":14}},"22":{"start":{"line":39,"column":0},"end":{"line":39,"column":23}}},"fnMap":{"0":{"name":"(anonymous_0)","decl":{"start":{"line":10,"column":42},"end":{"line":10,"column":43}},"loc":{"start":{"line":10,"column":62},"end":{"line":20,"column":1}},"line":10},"1":{"name":"authenticationToken","decl":{"start":{"line":22,"column":9},"end":{"line":22,"column":28}},"loc":{"start":{"line":22,"column":45},"end":{"line":37,"column":1}},"line":22},"2":{"name":"(anonymous_2)","decl":{"start":{"line":30,"column":40},"end":{"line":30,"column":41}},"loc":{"start":{"line":30,"column":55},"end":{"line":36,"column":5}},"line":30}},"branchMap":{"0":{"loc":{"start":{"line":24,"column":18},"end":{"line":24,"column":56}},"type":"binary-expr","locations":[{"start":{"line":24,"column":18},"end":{"line":24,"column":28}},{"start":{"line":24,"column":32},"end":{"line":24,"column":56}}],"line":24},"1":{"loc":{"start":{"line":26,"column":4},"end":{"line":28,"column":5}},"type":"if","locations":[{"start":{"line":26,"column":4},"end":{"line":28,"column":5}},{"start":{},"end":{}}],"line":26},"2":{"loc":{"start":{"line":31,"column":8},"end":{"line":33,"column":9}},"type":"if","locations":[{"start":{"line":31,"column":8},"end":{"line":33,"column":9}},{"start":{},"end":{}}],"line":31}},"s":{"0":1,"1":1,"2":1,"3":1,"4":1,"5":1,"6":1,"7":1,"8":0,"9":0,"10":0,"11":0,"12":0,"13":0,"14":0,"15":0,"16":0,"17":0,"18":0,"19":0,"20":0,"21":0,"22":1},"f":{"0":0,"1":0,"2":0},"b":{"0":[0,0],"1":[0,0],"2":[0,0]},"_coverageSchema":"1a1c01bbd47fc00a2c39e90264f33305004495a9","hash":"3919dd91030209de839f2bb03b40609d52069d91"}
,"/Users/samithakuruvitaarachchi/Documents/personal/trainings/i4T/bloggerAPI/service_auth/userService/users.js": {"path":"/Users/samithakuruvitaarachchi/Documents/personal/trainings/i4T/bloggerAPI/service_auth/userService/users.js","statementMap":{"0":{"start":{"line":1,"column":16},"end":{"line":1,"column":34}},"1":{"start":{"line":2,"column":15},"end":{"line":2,"column":31}},"2":{"start":{"line":3,"column":12},"end":{"line":3,"column":35}},"3":{"start":{"line":4,"column":15},"end":{"line":4,"column":32}},"4":{"start":{"line":6,"column":13},"end":{"line":6,"column":45}},"5":{"start":{"line":7,"column":0},"end":{"line":7,"column":37}},"6":{"start":{"line":10,"column":0},"end":{"line":35,"column":2}},"7":{"start":{"line":12,"column":4},"end":{"line":12,"column":38}},"8":{"start":{"line":14,"column":4},"end":{"line":33,"column":5}},"9":{"start":{"line":16,"column":21},"end":{"line":21,"column":10}},"10":{"start":{"line":23,"column":8},"end":{"line":29,"column":10}},"11":{"start":{"line":25,"column":12},"end":{"line":25,"column":38}},"12":{"start":{"line":28,"column":12},"end":{"line":28,"column":60}},"13":{"start":{"line":32,"column":8},"end":{"line":32,"column":56}},"14":{"start":{"line":38,"column":0},"end":{"line":62,"column":2}},"15":{"start":{"line":40,"column":30},"end":{"line":40,"column":38}},"16":{"start":{"line":42,"column":4},"end":{"line":58,"column":5}},"17":{"start":{"line":43,"column":8},"end":{"line":43,"column":70}},"18":{"start":{"line":45,"column":21},"end":{"line":45,"column":55}},"19":{"start":{"line":47,"column":8},"end":{"line":49,"column":9}},"20":{"start":{"line":48,"column":12},"end":{"line":48,"column":74}},"21":{"start":{"line":51,"column":8},"end":{"line":54,"column":9}},"22":{"start":{"line":52,"column":26},"end":{"line":52,"column":102}},"23":{"start":{"line":53,"column":12},"end":{"line":53,"column":54}},"24":{"start":{"line":56,"column":8},"end":{"line":56,"column":70}},"25":{"start":{"line":65,"column":0},"end":{"line":65,"column":23}}},"fnMap":{"0":{"name":"(anonymous_0)","decl":{"start":{"line":10,"column":23},"end":{"line":10,"column":24}},"loc":{"start":{"line":10,"column":43},"end":{"line":35,"column":1}},"line":10},"1":{"name":"(anonymous_1)","decl":{"start":{"line":24,"column":14},"end":{"line":24,"column":15}},"loc":{"start":{"line":24,"column":19},"end":{"line":26,"column":9}},"line":24},"2":{"name":"(anonymous_2)","decl":{"start":{"line":27,"column":15},"end":{"line":27,"column":16}},"loc":{"start":{"line":27,"column":26},"end":{"line":29,"column":9}},"line":27},"3":{"name":"(anonymous_3)","decl":{"start":{"line":38,"column":21},"end":{"line":38,"column":22}},"loc":{"start":{"line":38,"column":40},"end":{"line":62,"column":1}},"line":38}},"branchMap":{"0":{"loc":{"start":{"line":42,"column":4},"end":{"line":58,"column":5}},"type":"if","locations":[{"start":{"line":42,"column":4},"end":{"line":58,"column":5}},{"start":{"line":44,"column":9},"end":{"line":58,"column":5}}],"line":42},"1":{"loc":{"start":{"line":42,"column":8},"end":{"line":42,"column":37}},"type":"binary-expr","locations":[{"start":{"line":42,"column":8},"end":{"line":42,"column":19}},{"start":{"line":42,"column":23},"end":{"line":42,"column":37}}],"line":42},"2":{"loc":{"start":{"line":47,"column":8},"end":{"line":49,"column":9}},"type":"if","locations":[{"start":{"line":47,"column":8},"end":{"line":49,"column":9}},{"start":{},"end":{}}],"line":47},"3":{"loc":{"start":{"line":51,"column":8},"end":{"line":54,"column":9}},"type":"if","locations":[{"start":{"line":51,"column":8},"end":{"line":54,"column":9}},{"start":{},"end":{}}],"line":51}},"s":{"0":1,"1":1,"2":1,"3":1,"4":1,"5":1,"6":1,"7":1,"8":1,"9":1,"10":1,"11":0,"12":1,"13":0,"14":1,"15":6,"16":6,"17":3,"18":3,"19":3,"20":0,"21":3,"22":3,"23":3,"24":0,"25":1},"f":{"0":1,"1":0,"2":1,"3":6},"b":{"0":[3,3],"1":[6,4],"2":[0,3],"3":[3,0]},"_coverageSchema":"1a1c01bbd47fc00a2c39e90264f33305004495a9","hash":"cac31e0016fa39d7e9c32549609d7bca9e88ee1b"}
,"/Users/samithakuruvitaarachchi/Documents/personal/trainings/i4T/bloggerAPI/service_auth/userService/models/userModel.js": {"path":"/Users/samithakuruvitaarachchi/Documents/personal/trainings/i4T/bloggerAPI/service_auth/userService/models/userModel.js","statementMap":{"0":{"start":{"line":1,"column":17},"end":{"line":1,"column":36}},"1":{"start":{"line":3,"column":19},"end":{"line":23,"column":23}},"2":{"start":{"line":25,"column":0},"end":{"line":25,"column":52}}},"fnMap":{},"branchMap":{},"s":{"0":1,"1":1,"2":1},"f":{},"b":{},"_coverageSchema":"1a1c01bbd47fc00a2c39e90264f33305004495a9","hash":"f9b43612613f75b38256649bd4c4909f94b535bd"}
}
